[Jan 07 2016 11:17:15.000000 - INFO] POST /api/adwords/cm/v201509/CampaignService HTTP/1.1
Host: adwords.google.com
Connection: Keep-Alive
User-Agent: PHP-SOAP/5.5.9-1ubuntu4.14, gzip
Accept-Encoding: gzip, deflate
Content-Encoding: gzip
Content-Type: text/xml; charset=utf-8
SOAPAction: ""
Content-Length: 444
Authorization: Bearer ya29.YgJPzTVk5OSW927L00bgmcxOIRqY0MHkiTm0oXOYBeELtYyP_2ramOGDWLJQ8AA4QFBBiQ

<?xml version="1.0" encoding="UTF-8"?>
<SOAP-ENV:Envelope xmlns:SOAP-ENV="http://schemas.xmlsoap.org/soap/envelope/" xmlns:ns1="https://adwords.google.com/api/adwords/cm/v201509">
  <SOAP-ENV:Header>
    <ns1:RequestHeader>
      <ns1:clientCustomerId>851-164-5832</ns1:clientCustomerId>
      <ns1:developerToken>8JYRK4bRANhro5btFM_dOA</ns1:developerToken>
      <ns1:userAgent>eweb (AwApi-PHP/6.6.0, Common-PHP/6.6.0, PHP/5.5.9-1ubuntu4.14)</ns1:userAgent>
    </ns1:RequestHeader>
  </SOAP-ENV:Header>
  <SOAP-ENV:Body>
    <ns1:get>
      <ns1:serviceSelector>
        <ns1:fields>Id</ns1:fields>
        <ns1:fields>Name</ns1:fields>
        <ns1:ordering>
          <ns1:field>Name</ns1:field>
          <ns1:sortOrder>ASCENDING</ns1:sortOrder>
        </ns1:ordering>
        <ns1:paging>
          <ns1:startIndex>0</ns1:startIndex>
          <ns1:numberResults>500</ns1:numberResults>
        </ns1:paging>
      </ns1:serviceSelector>
    </ns1:get>
  </SOAP-ENV:Body>
</SOAP-ENV:Envelope>

HTTP/1.1 200 OK
Content-Type: text/xml; charset=UTF-8
Content-Encoding: gzip
Date: Thu, 07 Jan 2016 05:47:35 GMT
Expires: Thu, 07 Jan 2016 05:47:35 GMT
Cache-Control: private, max-age=0
X-Content-Type-Options: nosniff
X-Frame-Options: SAMEORIGIN
X-XSS-Protection: 1; mode=block
Content-Length: 302
Server: GSE

<?xml version="1.0"?>
<soap:Envelope xmlns:soap="http://schemas.xmlsoap.org/soap/envelope/">
  <soap:Header>
    <ResponseHeader xmlns="https://adwords.google.com/api/adwords/cm/v201509">
      <requestId>000528b801eb79400a4c86418f04008c</requestId>
      <serviceName>CampaignService</serviceName>
      <methodName>get</methodName>
      <operations>1</operations>
      <responseTime>236</responseTime>
    </ResponseHeader>
  </soap:Header>
  <soap:Body>
    <getResponse xmlns="https://adwords.google.com/api/adwords/cm/v201509">
      <rval>
        <totalNumEntries>0</totalNumEntries>
        <Page.Type>CampaignPage</Page.Type>
      </rval>
    </getResponse>
  </soap:Body>
</soap:Envelope>

[Jan 07 2016 11:22:43.000000 - ERROR] POST /api/adwords/cm/v201509/AdGroupCriterionService HTTP/1.1
Host: adwords.google.com
Connection: Keep-Alive
User-Agent: PHP-SOAP/5.5.9-1ubuntu4.14, gzip
Accept-Encoding: gzip, deflate
Content-Encoding: gzip
Content-Type: text/xml; charset=utf-8
SOAPAction: ""
Content-Length: 714
Authorization: Bearer ya29.YgKsEkNKIiaiYiTC9pR8Zs9kKoxsZf8pj-Ix4cMfSovKuVZFc9Y6iHrUv1AdnEtY5pksrg

<?xml version="1.0" encoding="UTF-8"?>
<SOAP-ENV:Envelope xmlns:SOAP-ENV="http://schemas.xmlsoap.org/soap/envelope/" xmlns:ns1="https://adwords.google.com/api/adwords/cm/v201509" xmlns:xsi="http://www.w3.org/2001/XMLSchema-instance">
  <SOAP-ENV:Header>
    <ns1:RequestHeader>
      <ns1:clientCustomerId>851-164-5832</ns1:clientCustomerId>
      <ns1:developerToken>8JYRK4bRANhro5btFM_dOA</ns1:developerToken>
      <ns1:userAgent>eweb (AwApi-PHP/6.6.0, Common-PHP/6.6.0, PHP/5.5.9-1ubuntu4.14)</ns1:userAgent>
    </ns1:RequestHeader>
  </SOAP-ENV:Header>
  <SOAP-ENV:Body>
    <ns1:mutate>
      <ns1:operations>
        <ns1:operator>ADD</ns1:operator>
        <ns1:operand xsi:type="ns1:BiddableAdGroupCriterion">
          <ns1:adGroupId>INSERT_AD_GROUP_ID_HERE</ns1:adGroupId>
          <ns1:criterion xsi:type="ns1:Keyword">
            <ns1:text>mars cruise 568dfd232df91</ns1:text>
            <ns1:matchType>BROAD</ns1:matchType>
          </ns1:criterion>
          <ns1:userStatus>PAUSED</ns1:userStatus>
          <ns1:biddingStrategyConfiguration>
            <ns1:bids xsi:type="ns1:CpcBid">
              <ns1:bid>
                <ns1:microAmount>500000</ns1:microAmount>
              </ns1:bid>
            </ns1:bids>
          </ns1:biddingStrategyConfiguration>
          <ns1:finalUrls>
            <ns1:urls>http://www.example.com/mars</ns1:urls>
          </ns1:finalUrls>
        </ns1:operand>
      </ns1:operations>
      <ns1:operations>
        <ns1:operator>ADD</ns1:operator>
        <ns1:operand xsi:type="ns1:BiddableAdGroupCriterion">
          <ns1:adGroupId>INSERT_AD_GROUP_ID_HERE</ns1:adGroupId>
          <ns1:criterion xsi:type="ns1:Keyword">
            <ns1:text>mars cruise 568dfd232e002</ns1:text>
            <ns1:matchType>BROAD</ns1:matchType>
          </ns1:criterion>
          <ns1:userStatus>PAUSED</ns1:userStatus>
          <ns1:biddingStrategyConfiguration>
            <ns1:bids xsi:type="ns1:CpcBid">
              <ns1:bid>
                <ns1:microAmount>500000</ns1:microAmount>
              </ns1:bid>
            </ns1:bids>
          </ns1:biddingStrategyConfiguration>
          <ns1:finalUrls>
            <ns1:urls>http://www.example.com/mars</ns1:urls>
          </ns1:finalUrls>
        </ns1:operand>
      </ns1:operations>
      <ns1:operations>
        <ns1:operator>ADD</ns1:operator>
        <ns1:operand xsi:type="ns1:BiddableAdGroupCriterion">
          <ns1:adGroupId>INSERT_AD_GROUP_ID_HERE</ns1:adGroupId>
          <ns1:criterion xsi:type="ns1:Keyword">
            <ns1:text>mars cruise 568dfd232e057</ns1:text>
            <ns1:matchType>BROAD</ns1:matchType>
          </ns1:criterion>
          <ns1:userStatus>PAUSED</ns1:userStatus>
          <ns1:biddingStrategyConfiguration>
            <ns1:bids xsi:type="ns1:CpcBid">
              <ns1:bid>
                <ns1:microAmount>500000</ns1:microAmount>
              </ns1:bid>
            </ns1:bids>
          </ns1:biddingStrategyConfiguration>
          <ns1:finalUrls>
            <ns1:urls>http://www.example.com/mars</ns1:urls>
          </ns1:finalUrls>
        </ns1:operand>
      </ns1:operations>
      <ns1:operations>
        <ns1:operator>ADD</ns1:operator>
        <ns1:operand xsi:type="ns1:BiddableAdGroupCriterion">
          <ns1:adGroupId>INSERT_AD_GROUP_ID_HERE</ns1:adGroupId>
          <ns1:criterion xsi:type="ns1:Keyword">
            <ns1:text>mars cruise 568dfd232e0a7</ns1:text>
            <ns1:matchType>BROAD</ns1:matchType>
          </ns1:criterion>
          <ns1:userStatus>PAUSED</ns1:userStatus>
          <ns1:biddingStrategyConfiguration>
            <ns1:bids xsi:type="ns1:CpcBid">
              <ns1:bid>
                <ns1:microAmount>500000</ns1:microAmount>
              </ns1:bid>
            </ns1:bids>
          </ns1:biddingStrategyConfiguration>
          <ns1:finalUrls>
            <ns1:urls>http://www.example.com/mars</ns1:urls>
          </ns1:finalUrls>
        </ns1:operand>
      </ns1:operations>
      <ns1:operations>
        <ns1:operator>ADD</ns1:operator>
        <ns1:operand xsi:type="ns1:BiddableAdGroupCriterion">
          <ns1:adGroupId>INSERT_AD_GROUP_ID_HERE</ns1:adGroupId>
          <ns1:criterion xsi:type="ns1:Keyword">
            <ns1:text>mars cruise 568dfd232e0f8</ns1:text>
            <ns1:matchType>BROAD</ns1:matchType>
          </ns1:criterion>
          <ns1:userStatus>PAUSED</ns1:userStatus>
          <ns1:biddingStrategyConfiguration>
            <ns1:bids xsi:type="ns1:CpcBid">
              <ns1:bid>
                <ns1:microAmount>500000</ns1:microAmount>
              </ns1:bid>
            </ns1:bids>
          </ns1:biddingStrategyConfiguration>
          <ns1:finalUrls>
            <ns1:urls>http://www.example.com/mars</ns1:urls>
          </ns1:finalUrls>
        </ns1:operand>
      </ns1:operations>
    </ns1:mutate>
  </SOAP-ENV:Body>
</SOAP-ENV:Envelope>

HTTP/1.1 500 Internal Server Error
Content-Type: text/xml; charset=UTF-8
Content-Encoding: gzip
Date: Thu, 07 Jan 2016 05:53:02 GMT
Expires: Thu, 07 Jan 2016 05:53:02 GMT
Cache-Control: private, max-age=0
X-Content-Type-Options: nosniff
X-Frame-Options: SAMEORIGIN
X-XSS-Protection: 1; mode=block
Content-Length: 187
Server: GSE

<?xml version="1.0"?>
<soap:Envelope xmlns:soap="http://schemas.xmlsoap.org/soap/envelope/">
  <soap:Body>
    <soap:Fault>
      <faultcode>soap:Client</faultcode>
      <faultstring>Unmarshalling Error: For input string: "INSERT_AD_GROUP_ID_HERE" </faultstring>
    </soap:Fault>
  </soap:Body>
</soap:Envelope>

[Jan 07 2016 11:24:42.000000 - ERROR] POST /api/adwords/cm/v201509/AdGroupCriterionService HTTP/1.1
Host: adwords.google.com
Connection: Keep-Alive
User-Agent: PHP-SOAP/5.5.9-1ubuntu4.14, gzip
Accept-Encoding: gzip, deflate
Content-Encoding: gzip
Content-Type: text/xml; charset=utf-8
SOAPAction: ""
Content-Length: 707
Authorization: Bearer ya29.YgIvbXiqg8SW8ghRP_ecYWfVHqUd6dAUt16gEui0wbCEGchtUr-5I9dEN5mKhxbfQXOsww

<?xml version="1.0" encoding="UTF-8"?>
<SOAP-ENV:Envelope xmlns:SOAP-ENV="http://schemas.xmlsoap.org/soap/envelope/" xmlns:ns1="https://adwords.google.com/api/adwords/cm/v201509" xmlns:xsi="http://www.w3.org/2001/XMLSchema-instance">
  <SOAP-ENV:Header>
    <ns1:RequestHeader>
      <ns1:clientCustomerId>851-164-5832</ns1:clientCustomerId>
      <ns1:developerToken>8JYRK4bRANhro5btFM_dOA</ns1:developerToken>
      <ns1:userAgent>eweb (AwApi-PHP/6.6.0, Common-PHP/6.6.0, PHP/5.5.9-1ubuntu4.14)</ns1:userAgent>
    </ns1:RequestHeader>
  </SOAP-ENV:Header>
  <SOAP-ENV:Body>
    <ns1:mutate>
      <ns1:operations>
        <ns1:operator>ADD</ns1:operator>
        <ns1:operand xsi:type="ns1:BiddableAdGroupCriterion">
          <ns1:adGroupId>INSERT_AD_GROUP_ID_HERE</ns1:adGroupId>
          <ns1:criterion xsi:type="ns1:Keyword">
            <ns1:text>mars cruise 568dfd9a4061f</ns1:text>
            <ns1:matchType>BROAD</ns1:matchType>
          </ns1:criterion>
          <ns1:userStatus>PAUSED</ns1:userStatus>
          <ns1:biddingStrategyConfiguration>
            <ns1:bids xsi:type="ns1:CpcBid">
              <ns1:bid>
                <ns1:microAmount>500000</ns1:microAmount>
              </ns1:bid>
            </ns1:bids>
          </ns1:biddingStrategyConfiguration>
          <ns1:finalUrls>
            <ns1:urls>http://www.example.com/mars</ns1:urls>
          </ns1:finalUrls>
        </ns1:operand>
      </ns1:operations>
      <ns1:operations>
        <ns1:operator>ADD</ns1:operator>
        <ns1:operand xsi:type="ns1:BiddableAdGroupCriterion">
          <ns1:adGroupId>INSERT_AD_GROUP_ID_HERE</ns1:adGroupId>
          <ns1:criterion xsi:type="ns1:Keyword">
            <ns1:text>mars cruise 568dfd9a4068f</ns1:text>
            <ns1:matchType>BROAD</ns1:matchType>
          </ns1:criterion>
          <ns1:userStatus>PAUSED</ns1:userStatus>
          <ns1:biddingStrategyConfiguration>
            <ns1:bids xsi:type="ns1:CpcBid">
              <ns1:bid>
                <ns1:microAmount>500000</ns1:microAmount>
              </ns1:bid>
            </ns1:bids>
          </ns1:biddingStrategyConfiguration>
          <ns1:finalUrls>
            <ns1:urls>http://www.example.com/mars</ns1:urls>
          </ns1:finalUrls>
        </ns1:operand>
      </ns1:operations>
      <ns1:operations>
        <ns1:operator>ADD</ns1:operator>
        <ns1:operand xsi:type="ns1:BiddableAdGroupCriterion">
          <ns1:adGroupId>INSERT_AD_GROUP_ID_HERE</ns1:adGroupId>
          <ns1:criterion xsi:type="ns1:Keyword">
            <ns1:text>mars cruise 568dfd9a406e3</ns1:text>
            <ns1:matchType>BROAD</ns1:matchType>
          </ns1:criterion>
          <ns1:userStatus>PAUSED</ns1:userStatus>
          <ns1:biddingStrategyConfiguration>
            <ns1:bids xsi:type="ns1:CpcBid">
              <ns1:bid>
                <ns1:microAmount>500000</ns1:microAmount>
              </ns1:bid>
            </ns1:bids>
          </ns1:biddingStrategyConfiguration>
          <ns1:finalUrls>
            <ns1:urls>http://www.example.com/mars</ns1:urls>
          </ns1:finalUrls>
        </ns1:operand>
      </ns1:operations>
      <ns1:operations>
        <ns1:operator>ADD</ns1:operator>
        <ns1:operand xsi:type="ns1:BiddableAdGroupCriterion">
          <ns1:adGroupId>INSERT_AD_GROUP_ID_HERE</ns1:adGroupId>
          <ns1:criterion xsi:type="ns1:Keyword">
            <ns1:text>mars cruise 568dfd9a40732</ns1:text>
            <ns1:matchType>BROAD</ns1:matchType>
          </ns1:criterion>
          <ns1:userStatus>PAUSED</ns1:userStatus>
          <ns1:biddingStrategyConfiguration>
            <ns1:bids xsi:type="ns1:CpcBid">
              <ns1:bid>
                <ns1:microAmount>500000</ns1:microAmount>
              </ns1:bid>
            </ns1:bids>
          </ns1:biddingStrategyConfiguration>
          <ns1:finalUrls>
            <ns1:urls>http://www.example.com/mars</ns1:urls>
          </ns1:finalUrls>
        </ns1:operand>
      </ns1:operations>
      <ns1:operations>
        <ns1:operator>ADD</ns1:operator>
        <ns1:operand xsi:type="ns1:BiddableAdGroupCriterion">
          <ns1:adGroupId>INSERT_AD_GROUP_ID_HERE</ns1:adGroupId>
          <ns1:criterion xsi:type="ns1:Keyword">
            <ns1:text>mars cruise 568dfd9a40783</ns1:text>
            <ns1:matchType>BROAD</ns1:matchType>
          </ns1:criterion>
          <ns1:userStatus>PAUSED</ns1:userStatus>
          <ns1:biddingStrategyConfiguration>
            <ns1:bids xsi:type="ns1:CpcBid">
              <ns1:bid>
                <ns1:microAmount>500000</ns1:microAmount>
              </ns1:bid>
            </ns1:bids>
          </ns1:biddingStrategyConfiguration>
          <ns1:finalUrls>
            <ns1:urls>http://www.example.com/mars</ns1:urls>
          </ns1:finalUrls>
        </ns1:operand>
      </ns1:operations>
    </ns1:mutate>
  </SOAP-ENV:Body>
</SOAP-ENV:Envelope>

HTTP/1.1 500 Internal Server Error
Content-Type: text/xml; charset=UTF-8
Content-Encoding: gzip
Date: Thu, 07 Jan 2016 05:55:01 GMT
Expires: Thu, 07 Jan 2016 05:55:01 GMT
Cache-Control: private, max-age=0
X-Content-Type-Options: nosniff
X-Frame-Options: SAMEORIGIN
X-XSS-Protection: 1; mode=block
Content-Length: 187
Server: GSE

<?xml version="1.0"?>
<soap:Envelope xmlns:soap="http://schemas.xmlsoap.org/soap/envelope/">
  <soap:Body>
    <soap:Fault>
      <faultcode>soap:Client</faultcode>
      <faultstring>Unmarshalling Error: For input string: "INSERT_AD_GROUP_ID_HERE" </faultstring>
    </soap:Fault>
  </soap:Body>
</soap:Envelope>

[Jan 07 2016 11:25:39.000000 - INFO] POST /api/adwords/cm/v201509/BudgetService HTTP/1.1
Host: adwords.google.com
Connection: Keep-Alive
User-Agent: PHP-SOAP/5.5.9-1ubuntu4.14, gzip
Accept-Encoding: gzip, deflate
Content-Encoding: gzip
Content-Type: text/xml; charset=utf-8
SOAPAction: ""
Content-Length: 469
Authorization: Bearer ya29.YgIO5NanvgkTEYkE-IKYimPH-6hQbK3znFVs40OQgnTPEaC1NYkl7IWcfC18unFgx6A45Q

<?xml version="1.0" encoding="UTF-8"?>
<SOAP-ENV:Envelope xmlns:SOAP-ENV="http://schemas.xmlsoap.org/soap/envelope/" xmlns:ns1="https://adwords.google.com/api/adwords/cm/v201509">
  <SOAP-ENV:Header>
    <ns1:RequestHeader>
      <ns1:clientCustomerId>851-164-5832</ns1:clientCustomerId>
      <ns1:developerToken>8JYRK4bRANhro5btFM_dOA</ns1:developerToken>
      <ns1:userAgent>eweb (AwApi-PHP/6.6.0, Common-PHP/6.6.0, PHP/5.5.9-1ubuntu4.14)</ns1:userAgent>
    </ns1:RequestHeader>
  </SOAP-ENV:Header>
  <SOAP-ENV:Body>
    <ns1:mutate>
      <ns1:operations>
        <ns1:operator>ADD</ns1:operator>
        <ns1:operand>
          <ns1:name>Interplanetary Cruise Budget #568dfdd8ccc6c</ns1:name>
          <ns1:period>DAILY</ns1:period>
          <ns1:amount>
            <ns1:microAmount>50000000</ns1:microAmount>
          </ns1:amount>
          <ns1:deliveryMethod>STANDARD</ns1:deliveryMethod>
        </ns1:operand>
      </ns1:operations>
    </ns1:mutate>
  </SOAP-ENV:Body>
</SOAP-ENV:Envelope>

HTTP/1.1 200 OK
Content-Type: text/xml; charset=UTF-8
Content-Encoding: gzip
Date: Thu, 07 Jan 2016 05:55:59 GMT
Expires: Thu, 07 Jan 2016 05:55:59 GMT
Cache-Control: private, max-age=0
X-Content-Type-Options: nosniff
X-Frame-Options: SAMEORIGIN
X-XSS-Protection: 1; mode=block
Content-Length: 463
Server: GSE

<?xml version="1.0"?>
<soap:Envelope xmlns:soap="http://schemas.xmlsoap.org/soap/envelope/">
  <soap:Header>
    <ResponseHeader xmlns="https://adwords.google.com/api/adwords/cm/v201509">
      <requestId>000528b81ffa40880a4c0c6498036410</requestId>
      <serviceName>BudgetService</serviceName>
      <methodName>mutate</methodName>
      <operations>1</operations>
      <responseTime>347</responseTime>
    </ResponseHeader>
  </soap:Header>
  <soap:Body>
    <mutateResponse xmlns="https://adwords.google.com/api/adwords/cm/v201509">
      <rval>
        <ListReturnValue.Type>BudgetReturnValue</ListReturnValue.Type>
        <value>
          <budgetId>466165519</budgetId>
          <name>Interplanetary Cruise Budget #568dfdd8ccc6c</name>
          <period>DAILY</period>
          <amount>
            <ComparableValue.Type>Money</ComparableValue.Type>
            <microAmount>50000000</microAmount>
          </amount>
          <deliveryMethod>STANDARD</deliveryMethod>
          <isExplicitlyShared>true</isExplicitlyShared>
          <status>ENABLED</status>
        </value>
      </rval>
    </mutateResponse>
  </soap:Body>
</soap:Envelope>

[Jan 07 2016 11:25:41.000000 - ERROR] POST /api/adwords/cm/v201509/CampaignService HTTP/1.1
Host: adwords.google.com
Connection: Keep-Alive
User-Agent: PHP-SOAP/5.5.9-1ubuntu4.14, gzip
Accept-Encoding: gzip, deflate
Content-Encoding: gzip
Content-Type: text/xml; charset=utf-8
SOAPAction: ""
Content-Length: 867
Authorization: Bearer ya29.YgIO5NanvgkTEYkE-IKYimPH-6hQbK3znFVs40OQgnTPEaC1NYkl7IWcfC18unFgx6A45Q

<?xml version="1.0" encoding="UTF-8"?>
<SOAP-ENV:Envelope xmlns:SOAP-ENV="http://schemas.xmlsoap.org/soap/envelope/" xmlns:ns1="https://adwords.google.com/api/adwords/cm/v201509" xmlns:xsi="http://www.w3.org/2001/XMLSchema-instance">
  <SOAP-ENV:Header>
    <ns1:RequestHeader>
      <ns1:clientCustomerId>851-164-5832</ns1:clientCustomerId>
      <ns1:developerToken>8JYRK4bRANhro5btFM_dOA</ns1:developerToken>
      <ns1:userAgent>eweb (AwApi-PHP/6.6.0, Common-PHP/6.6.0, PHP/5.5.9-1ubuntu4.14)</ns1:userAgent>
    </ns1:RequestHeader>
  </SOAP-ENV:Header>
  <SOAP-ENV:Body>
    <ns1:mutate>
      <ns1:operations>
        <ns1:operator>ADD</ns1:operator>
        <ns1:operand>
          <ns1:name>Interplanetary Cruise #568dfddd0884d</ns1:name>
          <ns1:status>PAUSED</ns1:status>
          <ns1:startDate>20160108</ns1:startDate>
          <ns1:endDate>20160207</ns1:endDate>
          <ns1:budget>
            <ns1:budgetId>466165519</ns1:budgetId>
          </ns1:budget>
          <ns1:adServingOptimizationStatus>ROTATE</ns1:adServingOptimizationStatus>
          <ns1:frequencyCap>
            <ns1:impressions>5</ns1:impressions>
            <ns1:timeUnit>DAY</ns1:timeUnit>
            <ns1:level>ADGROUP</ns1:level>
          </ns1:frequencyCap>
          <ns1:settings xsi:type="ns1:GeoTargetTypeSetting">
            <ns1:positiveGeoTargetType>DONT_CARE</ns1:positiveGeoTargetType>
            <ns1:negativeGeoTargetType>DONT_CARE</ns1:negativeGeoTargetType>
          </ns1:settings>
          <ns1:advertisingChannelType>SEARCH</ns1:advertisingChannelType>
          <ns1:networkSetting>
            <ns1:targetGoogleSearch>true</ns1:targetGoogleSearch>
            <ns1:targetSearchNetwork>true</ns1:targetSearchNetwork>
            <ns1:targetContentNetwork>true</ns1:targetContentNetwork>
          </ns1:networkSetting>
          <ns1:biddingStrategyConfiguration>
            <ns1:biddingStrategyType>MANUAL_CPC</ns1:biddingStrategyType>
            <ns1:biddingScheme xsi:type="ns1:ManualCpcBiddingScheme">
              <ns1:enhancedCpcEnabled>false</ns1:enhancedCpcEnabled>
            </ns1:biddingScheme>
          </ns1:biddingStrategyConfiguration>
        </ns1:operand>
      </ns1:operations>
      <ns1:operations>
        <ns1:operator>ADD</ns1:operator>
        <ns1:operand>
          <ns1:name>Interplanetary Cruise #568dfddd08989</ns1:name>
          <ns1:status>PAUSED</ns1:status>
          <ns1:startDate>20160108</ns1:startDate>
          <ns1:endDate>20160207</ns1:endDate>
          <ns1:budget>
            <ns1:budgetId>466165519</ns1:budgetId>
          </ns1:budget>
          <ns1:adServingOptimizationStatus>ROTATE</ns1:adServingOptimizationStatus>
          <ns1:frequencyCap>
            <ns1:impressions>5</ns1:impressions>
            <ns1:timeUnit>DAY</ns1:timeUnit>
            <ns1:level>ADGROUP</ns1:level>
          </ns1:frequencyCap>
          <ns1:settings xsi:type="ns1:GeoTargetTypeSetting">
            <ns1:positiveGeoTargetType>DONT_CARE</ns1:positiveGeoTargetType>
            <ns1:negativeGeoTargetType>DONT_CARE</ns1:negativeGeoTargetType>
          </ns1:settings>
          <ns1:advertisingChannelType>SEARCH</ns1:advertisingChannelType>
          <ns1:networkSetting>
            <ns1:targetGoogleSearch>true</ns1:targetGoogleSearch>
            <ns1:targetSearchNetwork>true</ns1:targetSearchNetwork>
            <ns1:targetContentNetwork>true</ns1:targetContentNetwork>
          </ns1:networkSetting>
          <ns1:biddingStrategyConfiguration>
            <ns1:biddingStrategyType>MANUAL_CPC</ns1:biddingStrategyType>
            <ns1:biddingScheme xsi:type="ns1:ManualCpcBiddingScheme">
              <ns1:enhancedCpcEnabled>false</ns1:enhancedCpcEnabled>
            </ns1:biddingScheme>
          </ns1:biddingStrategyConfiguration>
        </ns1:operand>
      </ns1:operations>
    </ns1:mutate>
  </SOAP-ENV:Body>
</SOAP-ENV:Envelope>

HTTP/1.1 500 Internal Server Error
Content-Type: text/xml; charset=UTF-8
Content-Encoding: gzip
Date: Thu, 07 Jan 2016 05:56:01 GMT
Expires: Thu, 07 Jan 2016 05:56:01 GMT
Cache-Control: private, max-age=0
X-Content-Type-Options: nosniff
X-Frame-Options: SAMEORIGIN
X-XSS-Protection: 1; mode=block
Content-Length: 561
Server: GSE

<?xml version="1.0"?>
<soap:Envelope xmlns:soap="http://schemas.xmlsoap.org/soap/envelope/">
  <soap:Header>
    <ResponseHeader xmlns="https://adwords.google.com/api/adwords/cm/v201509">
      <requestId>000528b8201d60b80a4c1be82d0929b1</requestId>
      <serviceName>CampaignService</serviceName>
      <methodName>mutate</methodName>
      <operations>2</operations>
      <responseTime>41</responseTime>
    </ResponseHeader>
  </soap:Header>
  <soap:Body>
    <soap:Fault>
      <faultcode>soap:Server</faultcode>
      <faultstring>[OperationAccessDenied.ADD_OPERATION_NOT_PERMITTED @ class campaignmgmt.campaign.MutateAction (ADD) requires CREATE_CAMPAIGN, OperationAccessDenied.ADD_OPERATION_NOT_PERMITTED @ class campaignmgmt.campaign.MutateAction (ADD) requires CREATE_CAMPAIGN]</faultstring>
      <detail>
        <ApiExceptionFault xmlns="https://adwords.google.com/api/adwords/cm/v201509">
          <message>[OperationAccessDenied.ADD_OPERATION_NOT_PERMITTED @ class campaignmgmt.campaign.MutateAction (ADD) requires CREATE_CAMPAIGN, OperationAccessDenied.ADD_OPERATION_NOT_PERMITTED @ class campaignmgmt.campaign.MutateAction (ADD) requires CREATE_CAMPAIGN]</message>
          <ApplicationException.Type>ApiException</ApplicationException.Type>
          <errors xmlns:xsi="http://www.w3.org/2001/XMLSchema-instance" xsi:type="OperationAccessDenied">
            <fieldPath>operations[0]</fieldPath>
            <trigger/>
            <errorString>OperationAccessDenied.ADD_OPERATION_NOT_PERMITTED</errorString>
            <ApiError.Type>OperationAccessDenied</ApiError.Type>
            <reason>ADD_OPERATION_NOT_PERMITTED</reason>
          </errors>
          <errors xmlns:xsi="http://www.w3.org/2001/XMLSchema-instance" xsi:type="OperationAccessDenied">
            <fieldPath>operations[1]</fieldPath>
            <trigger/>
            <errorString>OperationAccessDenied.ADD_OPERATION_NOT_PERMITTED</errorString>
            <ApiError.Type>OperationAccessDenied</ApiError.Type>
            <reason>ADD_OPERATION_NOT_PERMITTED</reason>
          </errors>
        </ApiExceptionFault>
      </detail>
    </soap:Fault>
  </soap:Body>
</soap:Envelope>

[Jan 07 2016 15:17:14.000000 - INFO] POST /api/adwords/cm/v201509/CampaignService HTTP/1.1
Host: adwords.google.com
Connection: Keep-Alive
User-Agent: PHP-SOAP/5.5.9-1ubuntu4.14, gzip
Accept-Encoding: gzip, deflate
Content-Encoding: gzip
Content-Type: text/xml; charset=utf-8
SOAPAction: ""
Content-Length: 376
Authorization: Bearer ya29.YgJP4XYwsGwm5aNr-sTJmB9_hJHhzfzNwbEDVD4kVv3LuzO21n11bvmMJN6abN4UE7k-

<?xml version="1.0" encoding="UTF-8"?>
<SOAP-ENV:Envelope xmlns:SOAP-ENV="http://schemas.xmlsoap.org/soap/envelope/" xmlns:ns1="https://adwords.google.com/api/adwords/cm/v201509">
  <SOAP-ENV:Header>
    <ns1:RequestHeader>
      <ns1:clientCustomerId>851-164-5832</ns1:clientCustomerId>
      <ns1:developerToken>8JYRK4bRANhro5btFM_dOA</ns1:developerToken>
      <ns1:userAgent>eweb (AwApi-PHP/6.6.0, Common-PHP/6.6.0, PHP/5.5.9-1ubuntu4.14)</ns1:userAgent>
    </ns1:RequestHeader>
  </SOAP-ENV:Header>
  <SOAP-ENV:Body>
    <ns1:query>
      <ns1:query>SELECT Id, Name, Status ORDER BY Name LIMIT 0,500</ns1:query>
    </ns1:query>
  </SOAP-ENV:Body>
</SOAP-ENV:Envelope>

HTTP/1.1 200 OK
Content-Type: text/xml; charset=UTF-8
Content-Encoding: gzip
Date: Thu, 07 Jan 2016 09:47:34 GMT
Expires: Thu, 07 Jan 2016 09:47:34 GMT
Cache-Control: private, max-age=0
X-Content-Type-Options: nosniff
X-Frame-Options: SAMEORIGIN
X-XSS-Protection: 1; mode=block
Content-Length: 303
Server: GSE

<?xml version="1.0"?>
<soap:Envelope xmlns:soap="http://schemas.xmlsoap.org/soap/envelope/">
  <soap:Header>
    <ResponseHeader xmlns="https://adwords.google.com/api/adwords/cm/v201509">
      <requestId>000528bb5c2f7e090a4c0d24950a7504</requestId>
      <serviceName>CampaignService</serviceName>
      <methodName>query</methodName>
      <operations>1</operations>
      <responseTime>323</responseTime>
    </ResponseHeader>
  </soap:Header>
  <soap:Body>
    <queryResponse xmlns="https://adwords.google.com/api/adwords/cm/v201509">
      <rval>
        <totalNumEntries>0</totalNumEntries>
        <Page.Type>CampaignPage</Page.Type>
      </rval>
    </queryResponse>
  </soap:Body>
</soap:Envelope>

[Jan 07 2016 15:20:22.000000 - INFO] POST /api/adwords/cm/v201509/CampaignService HTTP/1.1
Host: adwords.google.com
Connection: Keep-Alive
User-Agent: PHP-SOAP/5.5.9-1ubuntu4.14, gzip
Accept-Encoding: gzip, deflate
Content-Encoding: gzip
Content-Type: text/xml; charset=utf-8
SOAPAction: ""
Content-Length: 376
Authorization: Bearer ya29.YgIiWNzcKZcw1nIlZYgKqvAIsVHtV1bTL4O1MzGN5PRSPM_VKFXaz4443zdAGUVztn3A

<?xml version="1.0" encoding="UTF-8"?>
<SOAP-ENV:Envelope xmlns:SOAP-ENV="http://schemas.xmlsoap.org/soap/envelope/" xmlns:ns1="https://adwords.google.com/api/adwords/cm/v201509">
  <SOAP-ENV:Header>
    <ns1:RequestHeader>
      <ns1:clientCustomerId>851-164-5832</ns1:clientCustomerId>
      <ns1:developerToken>8JYRK4bRANhro5btFM_dOA</ns1:developerToken>
      <ns1:userAgent>eweb (AwApi-PHP/6.6.0, Common-PHP/6.6.0, PHP/5.5.9-1ubuntu4.14)</ns1:userAgent>
    </ns1:RequestHeader>
  </SOAP-ENV:Header>
  <SOAP-ENV:Body>
    <ns1:query>
      <ns1:query>SELECT Id, Name, Status ORDER BY Name LIMIT 0,500</ns1:query>
    </ns1:query>
  </SOAP-ENV:Body>
</SOAP-ENV:Envelope>

HTTP/1.1 200 OK
Content-Type: text/xml; charset=UTF-8
Content-Encoding: gzip
Date: Thu, 07 Jan 2016 09:50:42 GMT
Expires: Thu, 07 Jan 2016 09:50:42 GMT
Cache-Control: private, max-age=0
X-Content-Type-Options: nosniff
X-Frame-Options: SAMEORIGIN
X-XSS-Protection: 1; mode=block
Content-Length: 304
Server: GSE

<?xml version="1.0"?>
<soap:Envelope xmlns:soap="http://schemas.xmlsoap.org/soap/envelope/">
  <soap:Header>
    <ResponseHeader xmlns="https://adwords.google.com/api/adwords/cm/v201509">
      <requestId>000528bb675d52f00a4c298f6c00541b</requestId>
      <serviceName>CampaignService</serviceName>
      <methodName>query</methodName>
      <operations>1</operations>
      <responseTime>362</responseTime>
    </ResponseHeader>
  </soap:Header>
  <soap:Body>
    <queryResponse xmlns="https://adwords.google.com/api/adwords/cm/v201509">
      <rval>
        <totalNumEntries>0</totalNumEntries>
        <Page.Type>CampaignPage</Page.Type>
      </rval>
    </queryResponse>
  </soap:Body>
</soap:Envelope>

[Jan 11 2016 12:19:07.000000 - ERROR] POST /api/adwords/cm/v201509/CampaignService HTTP/1.1
Host: adwords.google.com
Connection: Keep-Alive
User-Agent: PHP-SOAP/5.5.9-1ubuntu4.14, gzip
Accept-Encoding: gzip, deflate
Content-Encoding: gzip
Content-Type: text/xml; charset=utf-8
SOAPAction: ""
Content-Length: 413
Authorization: Bearer ya29.ZgJx4y_nJvd_ivNeN8bQXAqWbcoOzIIjA7vMKSnUYTeIaq-aIUKzB9bhN5NIujZP6rm1QA

<?xml version="1.0" encoding="UTF-8"?>
<SOAP-ENV:Envelope xmlns:SOAP-ENV="http://schemas.xmlsoap.org/soap/envelope/" xmlns:ns1="https://adwords.google.com/api/adwords/cm/v201509">
  <SOAP-ENV:Header>
    <ns1:RequestHeader>
      <ns1:developerToken>8JYRK4bRANhro5btFM_dOA</ns1:developerToken>
      <ns1:userAgent>eweb (AwApi-PHP/6.6.0, Common-PHP/6.6.0, PHP/5.5.9-1ubuntu4.14)</ns1:userAgent>
    </ns1:RequestHeader>
  </SOAP-ENV:Header>
  <SOAP-ENV:Body>
    <ns1:get>
      <ns1:serviceSelector>
        <ns1:fields>Id</ns1:fields>
        <ns1:fields>Name</ns1:fields>
        <ns1:ordering>
          <ns1:field>Name</ns1:field>
          <ns1:sortOrder>ASCENDING</ns1:sortOrder>
        </ns1:ordering>
        <ns1:paging>
          <ns1:startIndex>0</ns1:startIndex>
          <ns1:numberResults>500</ns1:numberResults>
        </ns1:paging>
      </ns1:serviceSelector>
    </ns1:get>
  </SOAP-ENV:Body>
</SOAP-ENV:Envelope>

HTTP/1.1 500 Internal Server Error
Content-Type: text/xml; charset=UTF-8
Content-Encoding: gzip
Date: Mon, 11 Jan 2016 06:49:30 GMT
Expires: Mon, 11 Jan 2016 06:49:30 GMT
Cache-Control: private, max-age=0
X-Content-Type-Options: nosniff
X-Frame-Options: SAMEORIGIN
X-XSS-Protection: 1; mode=block
Content-Length: 520
Server: GSE

<?xml version="1.0"?>
<soap:Envelope xmlns:soap="http://schemas.xmlsoap.org/soap/envelope/">
  <soap:Header>
    <ResponseHeader xmlns="https://adwords.google.com/api/adwords/cm/v201509">
      <requestId>0005290956c022300a4c1487a70cb892</requestId>
      <serviceName>CampaignService</serviceName>
      <methodName>get</methodName>
      <operations>1</operations>
      <responseTime>27</responseTime>
    </ResponseHeader>
  </soap:Header>
  <soap:Body>
    <soap:Fault>
      <faultcode>soap:Server</faultcode>
      <faultstring>[AuthenticationError.CLIENT_CUSTOMER_ID_IS_REQUIRED @ ; trigger:'&lt;null&gt;']</faultstring>
      <detail>
        <ApiExceptionFault xmlns="https://adwords.google.com/api/adwords/cm/v201509">
          <message>[AuthenticationError.CLIENT_CUSTOMER_ID_IS_REQUIRED @ ; trigger:'&lt;null&gt;']</message>
          <ApplicationException.Type>ApiException</ApplicationException.Type>
          <errors xmlns:xsi="http://www.w3.org/2001/XMLSchema-instance" xsi:type="AuthenticationError">
            <fieldPath/>
            <trigger>&lt;null&gt;</trigger>
            <errorString>AuthenticationError.CLIENT_CUSTOMER_ID_IS_REQUIRED</errorString>
            <ApiError.Type>AuthenticationError</ApiError.Type>
            <reason>CLIENT_CUSTOMER_ID_IS_REQUIRED</reason>
          </errors>
        </ApiExceptionFault>
      </detail>
    </soap:Fault>
  </soap:Body>
</soap:Envelope>

[Jan 11 2016 12:23:55.000000 - INFO] POST /api/adwords/cm/v201509/CampaignService HTTP/1.1
Host: adwords.google.com
Connection: Keep-Alive
User-Agent: PHP-SOAP/5.5.9-1ubuntu4.14, gzip
Accept-Encoding: gzip, deflate
Content-Encoding: gzip
Content-Type: text/xml; charset=utf-8
SOAPAction: ""
Content-Length: 443
Authorization: Bearer ya29.ZgJn7eLRtpaJsqGRWfOshj-U1cNetprVKP_eh7o93vf7DcUwirWuUZEQeeZ0-9LQtjacSQ

<?xml version="1.0" encoding="UTF-8"?>
<SOAP-ENV:Envelope xmlns:SOAP-ENV="http://schemas.xmlsoap.org/soap/envelope/" xmlns:ns1="https://adwords.google.com/api/adwords/cm/v201509">
  <SOAP-ENV:Header>
    <ns1:RequestHeader>
      <ns1:clientCustomerId>8511645832</ns1:clientCustomerId>
      <ns1:developerToken>8JYRK4bRANhro5btFM_dOA</ns1:developerToken>
      <ns1:userAgent>eweb (AwApi-PHP/6.6.0, Common-PHP/6.6.0, PHP/5.5.9-1ubuntu4.14)</ns1:userAgent>
    </ns1:RequestHeader>
  </SOAP-ENV:Header>
  <SOAP-ENV:Body>
    <ns1:get>
      <ns1:serviceSelector>
        <ns1:fields>Id</ns1:fields>
        <ns1:fields>Name</ns1:fields>
        <ns1:ordering>
          <ns1:field>Name</ns1:field>
          <ns1:sortOrder>ASCENDING</ns1:sortOrder>
        </ns1:ordering>
        <ns1:paging>
          <ns1:startIndex>0</ns1:startIndex>
          <ns1:numberResults>500</ns1:numberResults>
        </ns1:paging>
      </ns1:serviceSelector>
    </ns1:get>
  </SOAP-ENV:Body>
</SOAP-ENV:Envelope>

HTTP/1.1 200 OK
Content-Type: text/xml; charset=UTF-8
Content-Encoding: gzip
Date: Mon, 11 Jan 2016 06:54:17 GMT
Expires: Mon, 11 Jan 2016 06:54:17 GMT
Cache-Control: private, max-age=0
X-Content-Type-Options: nosniff
X-Frame-Options: SAMEORIGIN
X-XSS-Protection: 1; mode=block
Content-Length: 301
Server: GSE

<?xml version="1.0"?>
<soap:Envelope xmlns:soap="http://schemas.xmlsoap.org/soap/envelope/">
  <soap:Header>
    <ResponseHeader xmlns="https://adwords.google.com/api/adwords/cm/v201509">
      <requestId>0005290967deea600a4ca98413024692</requestId>
      <serviceName>CampaignService</serviceName>
      <methodName>get</methodName>
      <operations>1</operations>
      <responseTime>277</responseTime>
    </ResponseHeader>
  </soap:Header>
  <soap:Body>
    <getResponse xmlns="https://adwords.google.com/api/adwords/cm/v201509">
      <rval>
        <totalNumEntries>0</totalNumEntries>
        <Page.Type>CampaignPage</Page.Type>
      </rval>
    </getResponse>
  </soap:Body>
</soap:Envelope>

[Jan 11 2016 12:24:42.000000 - INFO] POST /api/adwords/cm/v201509/CampaignService HTTP/1.1
Host: adwords.google.com
Connection: Keep-Alive
User-Agent: PHP-SOAP/5.5.9-1ubuntu4.14, gzip
Accept-Encoding: gzip, deflate
Content-Encoding: gzip
Content-Type: text/xml; charset=utf-8
SOAPAction: ""
Content-Length: 443
Authorization: Bearer ya29.ZgL_Gb0nlJiP4OAGmP59XEIxPKj8GaZkUc6LAkLMuYljwiolKDjOGBrX9QSD-j4sker50Q

<?xml version="1.0" encoding="UTF-8"?>
<SOAP-ENV:Envelope xmlns:SOAP-ENV="http://schemas.xmlsoap.org/soap/envelope/" xmlns:ns1="https://adwords.google.com/api/adwords/cm/v201509">
  <SOAP-ENV:Header>
    <ns1:RequestHeader>
      <ns1:clientCustomerId>7891516912</ns1:clientCustomerId>
      <ns1:developerToken>8JYRK4bRANhro5btFM_dOA</ns1:developerToken>
      <ns1:userAgent>eweb (AwApi-PHP/6.6.0, Common-PHP/6.6.0, PHP/5.5.9-1ubuntu4.14)</ns1:userAgent>
    </ns1:RequestHeader>
  </SOAP-ENV:Header>
  <SOAP-ENV:Body>
    <ns1:get>
      <ns1:serviceSelector>
        <ns1:fields>Id</ns1:fields>
        <ns1:fields>Name</ns1:fields>
        <ns1:ordering>
          <ns1:field>Name</ns1:field>
          <ns1:sortOrder>ASCENDING</ns1:sortOrder>
        </ns1:ordering>
        <ns1:paging>
          <ns1:startIndex>0</ns1:startIndex>
          <ns1:numberResults>500</ns1:numberResults>
        </ns1:paging>
      </ns1:serviceSelector>
    </ns1:get>
  </SOAP-ENV:Body>
</SOAP-ENV:Envelope>

HTTP/1.1 200 OK
Content-Type: text/xml; charset=UTF-8
Content-Encoding: gzip
Date: Mon, 11 Jan 2016 06:55:05 GMT
Expires: Mon, 11 Jan 2016 06:55:05 GMT
Cache-Control: private, max-age=0
X-Content-Type-Options: nosniff
X-Frame-Options: SAMEORIGIN
X-XSS-Protection: 1; mode=block
Content-Length: 326
Server: GSE

<?xml version="1.0"?>
<soap:Envelope xmlns:soap="http://schemas.xmlsoap.org/soap/envelope/">
  <soap:Header>
    <ResponseHeader xmlns="https://adwords.google.com/api/adwords/cm/v201509">
      <requestId>000529096ab576780a4c9049e0032f47</requestId>
      <serviceName>CampaignService</serviceName>
      <methodName>get</methodName>
      <operations>1</operations>
      <responseTime>256</responseTime>
    </ResponseHeader>
  </soap:Header>
  <soap:Body>
    <getResponse xmlns="https://adwords.google.com/api/adwords/cm/v201509">
      <rval>
        <totalNumEntries>1</totalNumEntries>
        <Page.Type>CampaignPage</Page.Type>
        <entries>
          <id>374872879</id>
          <name>Campaign #1</name>
        </entries>
      </rval>
    </getResponse>
  </soap:Body>
</soap:Envelope>

[Jan 11 2016 12:27:23.000000 - INFO] POST /api/adwords/cm/v201509/BudgetService HTTP/1.1
Host: adwords.google.com
Connection: Keep-Alive
User-Agent: PHP-SOAP/5.5.9-1ubuntu4.14, gzip
Accept-Encoding: gzip, deflate
Content-Encoding: gzip
Content-Type: text/xml; charset=utf-8
SOAPAction: ""
Content-Length: 468
Authorization: Bearer ya29.ZgJHxv0I-AEbaG_PC70lUnsykMTfTiE3-eMKu8IBL4hd6K0ebsYsq3pGBiwqj2VL2A_GPw

<?xml version="1.0" encoding="UTF-8"?>
<SOAP-ENV:Envelope xmlns:SOAP-ENV="http://schemas.xmlsoap.org/soap/envelope/" xmlns:ns1="https://adwords.google.com/api/adwords/cm/v201509">
  <SOAP-ENV:Header>
    <ns1:RequestHeader>
      <ns1:clientCustomerId>7891516912</ns1:clientCustomerId>
      <ns1:developerToken>8JYRK4bRANhro5btFM_dOA</ns1:developerToken>
      <ns1:userAgent>eweb (AwApi-PHP/6.6.0, Common-PHP/6.6.0, PHP/5.5.9-1ubuntu4.14)</ns1:userAgent>
    </ns1:RequestHeader>
  </SOAP-ENV:Header>
  <SOAP-ENV:Body>
    <ns1:mutate>
      <ns1:operations>
        <ns1:operator>ADD</ns1:operator>
        <ns1:operand>
          <ns1:name>Interplanetary Cruise Budget #56935250ba210</ns1:name>
          <ns1:period>DAILY</ns1:period>
          <ns1:amount>
            <ns1:microAmount>50000000</ns1:microAmount>
          </ns1:amount>
          <ns1:deliveryMethod>STANDARD</ns1:deliveryMethod>
        </ns1:operand>
      </ns1:operations>
    </ns1:mutate>
  </SOAP-ENV:Body>
</SOAP-ENV:Envelope>

HTTP/1.1 200 OK
Content-Type: text/xml; charset=UTF-8
Content-Encoding: gzip
Date: Mon, 11 Jan 2016 06:57:46 GMT
Expires: Mon, 11 Jan 2016 06:57:46 GMT
Cache-Control: private, max-age=0
X-Content-Type-Options: nosniff
X-Frame-Options: SAMEORIGIN
X-XSS-Protection: 1; mode=block
Content-Length: 462
Server: GSE

<?xml version="1.0"?>
<soap:Envelope xmlns:soap="http://schemas.xmlsoap.org/soap/envelope/">
  <soap:Header>
    <ResponseHeader xmlns="https://adwords.google.com/api/adwords/cm/v201509">
      <requestId>0005290974493eb80a4cb1496e0804ac</requestId>
      <serviceName>BudgetService</serviceName>
      <methodName>mutate</methodName>
      <operations>1</operations>
      <responseTime>109</responseTime>
    </ResponseHeader>
  </soap:Header>
  <soap:Body>
    <mutateResponse xmlns="https://adwords.google.com/api/adwords/cm/v201509">
      <rval>
        <ListReturnValue.Type>BudgetReturnValue</ListReturnValue.Type>
        <value>
          <budgetId>466761799</budgetId>
          <name>Interplanetary Cruise Budget #56935250ba210</name>
          <period>DAILY</period>
          <amount>
            <ComparableValue.Type>Money</ComparableValue.Type>
            <microAmount>50000000</microAmount>
          </amount>
          <deliveryMethod>STANDARD</deliveryMethod>
          <isExplicitlyShared>true</isExplicitlyShared>
          <status>ENABLED</status>
        </value>
      </rval>
    </mutateResponse>
  </soap:Body>
</soap:Envelope>

[Jan 11 2016 12:27:28.000000 - INFO] POST /api/adwords/cm/v201509/CampaignService HTTP/1.1
Host: adwords.google.com
Connection: Keep-Alive
User-Agent: PHP-SOAP/5.5.9-1ubuntu4.14, gzip
Accept-Encoding: gzip, deflate
Content-Encoding: gzip
Content-Type: text/xml; charset=utf-8
SOAPAction: ""
Content-Length: 877
Authorization: Bearer ya29.ZgJHxv0I-AEbaG_PC70lUnsykMTfTiE3-eMKu8IBL4hd6K0ebsYsq3pGBiwqj2VL2A_GPw

<?xml version="1.0" encoding="UTF-8"?>
<SOAP-ENV:Envelope xmlns:SOAP-ENV="http://schemas.xmlsoap.org/soap/envelope/" xmlns:ns1="https://adwords.google.com/api/adwords/cm/v201509" xmlns:xsi="http://www.w3.org/2001/XMLSchema-instance">
  <SOAP-ENV:Header>
    <ns1:RequestHeader>
      <ns1:clientCustomerId>7891516912</ns1:clientCustomerId>
      <ns1:developerToken>8JYRK4bRANhro5btFM_dOA</ns1:developerToken>
      <ns1:userAgent>eweb (AwApi-PHP/6.6.0, Common-PHP/6.6.0, PHP/5.5.9-1ubuntu4.14)</ns1:userAgent>
    </ns1:RequestHeader>
  </SOAP-ENV:Header>
  <SOAP-ENV:Body>
    <ns1:mutate>
      <ns1:operations>
        <ns1:operator>ADD</ns1:operator>
        <ns1:operand>
          <ns1:name>Interplanetary Cruise #5693525795a11</ns1:name>
          <ns1:status>PAUSED</ns1:status>
          <ns1:startDate>20160112</ns1:startDate>
          <ns1:endDate>20160211</ns1:endDate>
          <ns1:budget>
            <ns1:budgetId>466761799</ns1:budgetId>
          </ns1:budget>
          <ns1:adServingOptimizationStatus>ROTATE</ns1:adServingOptimizationStatus>
          <ns1:frequencyCap>
            <ns1:impressions>5</ns1:impressions>
            <ns1:timeUnit>DAY</ns1:timeUnit>
            <ns1:level>ADGROUP</ns1:level>
          </ns1:frequencyCap>
          <ns1:settings xsi:type="ns1:GeoTargetTypeSetting">
            <ns1:positiveGeoTargetType>DONT_CARE</ns1:positiveGeoTargetType>
            <ns1:negativeGeoTargetType>DONT_CARE</ns1:negativeGeoTargetType>
          </ns1:settings>
          <ns1:advertisingChannelType>SEARCH</ns1:advertisingChannelType>
          <ns1:networkSetting>
            <ns1:targetGoogleSearch>true</ns1:targetGoogleSearch>
            <ns1:targetSearchNetwork>true</ns1:targetSearchNetwork>
            <ns1:targetContentNetwork>true</ns1:targetContentNetwork>
          </ns1:networkSetting>
          <ns1:biddingStrategyConfiguration>
            <ns1:biddingStrategyType>MANUAL_CPC</ns1:biddingStrategyType>
            <ns1:biddingScheme xsi:type="ns1:ManualCpcBiddingScheme">
              <ns1:enhancedCpcEnabled>false</ns1:enhancedCpcEnabled>
            </ns1:biddingScheme>
          </ns1:biddingStrategyConfiguration>
        </ns1:operand>
      </ns1:operations>
      <ns1:operations>
        <ns1:operator>ADD</ns1:operator>
        <ns1:operand>
          <ns1:name>Interplanetary Cruise #5693525795b4d</ns1:name>
          <ns1:status>PAUSED</ns1:status>
          <ns1:startDate>20160112</ns1:startDate>
          <ns1:endDate>20160211</ns1:endDate>
          <ns1:budget>
            <ns1:budgetId>466761799</ns1:budgetId>
          </ns1:budget>
          <ns1:adServingOptimizationStatus>ROTATE</ns1:adServingOptimizationStatus>
          <ns1:frequencyCap>
            <ns1:impressions>5</ns1:impressions>
            <ns1:timeUnit>DAY</ns1:timeUnit>
            <ns1:level>ADGROUP</ns1:level>
          </ns1:frequencyCap>
          <ns1:settings xsi:type="ns1:GeoTargetTypeSetting">
            <ns1:positiveGeoTargetType>DONT_CARE</ns1:positiveGeoTargetType>
            <ns1:negativeGeoTargetType>DONT_CARE</ns1:negativeGeoTargetType>
          </ns1:settings>
          <ns1:advertisingChannelType>SEARCH</ns1:advertisingChannelType>
          <ns1:networkSetting>
            <ns1:targetGoogleSearch>true</ns1:targetGoogleSearch>
            <ns1:targetSearchNetwork>true</ns1:targetSearchNetwork>
            <ns1:targetContentNetwork>true</ns1:targetContentNetwork>
          </ns1:networkSetting>
          <ns1:biddingStrategyConfiguration>
            <ns1:biddingStrategyType>MANUAL_CPC</ns1:biddingStrategyType>
            <ns1:biddingScheme xsi:type="ns1:ManualCpcBiddingScheme">
              <ns1:enhancedCpcEnabled>false</ns1:enhancedCpcEnabled>
            </ns1:biddingScheme>
          </ns1:biddingStrategyConfiguration>
        </ns1:operand>
      </ns1:operations>
    </ns1:mutate>
  </SOAP-ENV:Body>
</SOAP-ENV:Envelope>

HTTP/1.1 200 OK
Content-Type: text/xml; charset=UTF-8
Content-Encoding: gzip
Date: Mon, 11 Jan 2016 06:57:51 GMT
Expires: Mon, 11 Jan 2016 06:57:51 GMT
Cache-Control: private, max-age=0
X-Content-Type-Options: nosniff
X-Frame-Options: SAMEORIGIN
X-XSS-Protection: 1; mode=block
Content-Length: 1001
Server: GSE

<?xml version="1.0"?>
<soap:Envelope xmlns:soap="http://schemas.xmlsoap.org/soap/envelope/">
  <soap:Header>
    <ResponseHeader xmlns="https://adwords.google.com/api/adwords/cm/v201509">
      <requestId>000529097495a1680a4c0a084105d837</requestId>
      <serviceName>CampaignService</serviceName>
      <methodName>mutate</methodName>
      <operations>2</operations>
      <responseTime>287</responseTime>
    </ResponseHeader>
  </soap:Header>
  <soap:Body>
    <mutateResponse xmlns="https://adwords.google.com/api/adwords/cm/v201509">
      <rval>
        <ListReturnValue.Type>CampaignReturnValue</ListReturnValue.Type>
        <value>
          <id>377736319</id>
          <name>Interplanetary Cruise #5693525795a11</name>
          <status>PAUSED</status>
          <servingStatus>PENDING</servingStatus>
          <startDate>20160112</startDate>
          <endDate>20160211</endDate>
          <budget>
            <budgetId>466761799</budgetId>
            <name>Interplanetary Cruise Budget #56935250ba210</name>
            <period>DAILY</period>
            <amount>
              <ComparableValue.Type>Money</ComparableValue.Type>
              <microAmount>50000000</microAmount>
            </amount>
            <deliveryMethod>STANDARD</deliveryMethod>
            <isExplicitlyShared>true</isExplicitlyShared>
            <status>ENABLED</status>
          </budget>
          <conversionOptimizerEligibility>
            <eligible>false</eligible>
            <rejectionReasons>CONVERSION_TRACKING_NOT_ENABLED</rejectionReasons>
          </conversionOptimizerEligibility>
          <adServingOptimizationStatus>ROTATE</adServingOptimizationStatus>
          <frequencyCap>
            <impressions>5</impressions>
            <timeUnit>DAY</timeUnit>
            <level>ADGROUP</level>
          </frequencyCap>
          <settings xmlns:xsi="http://www.w3.org/2001/XMLSchema-instance" xsi:type="GeoTargetTypeSetting">
            <Setting.Type>GeoTargetTypeSetting</Setting.Type>
            <positiveGeoTargetType>DONT_CARE</positiveGeoTargetType>
            <negativeGeoTargetType>DONT_CARE</negativeGeoTargetType>
          </settings>
          <advertisingChannelType>SEARCH</advertisingChannelType>
          <networkSetting>
            <targetGoogleSearch>true</targetGoogleSearch>
            <targetSearchNetwork>true</targetSearchNetwork>
            <targetContentNetwork>true</targetContentNetwork>
            <targetPartnerSearchNetwork>false</targetPartnerSearchNetwork>
          </networkSetting>
          <biddingStrategyConfiguration>
            <biddingStrategyType>MANUAL_CPC</biddingStrategyType>
            <biddingScheme xmlns:xsi="http://www.w3.org/2001/XMLSchema-instance" xsi:type="ManualCpcBiddingScheme">
              <BiddingScheme.Type>ManualCpcBiddingScheme</BiddingScheme.Type>
              <enhancedCpcEnabled>false</enhancedCpcEnabled>
            </biddingScheme>
          </biddingStrategyConfiguration>
        </value>
        <value>
          <id>377736439</id>
          <name>Interplanetary Cruise #5693525795b4d</name>
          <status>PAUSED</status>
          <servingStatus>PENDING</servingStatus>
          <startDate>20160112</startDate>
          <endDate>20160211</endDate>
          <budget>
            <budgetId>466761799</budgetId>
            <name>Interplanetary Cruise Budget #56935250ba210</name>
            <period>DAILY</period>
            <amount>
              <ComparableValue.Type>Money</ComparableValue.Type>
              <microAmount>50000000</microAmount>
            </amount>
            <deliveryMethod>STANDARD</deliveryMethod>
            <isExplicitlyShared>true</isExplicitlyShared>
            <status>ENABLED</status>
          </budget>
          <conversionOptimizerEligibility>
            <eligible>false</eligible>
            <rejectionReasons>CONVERSION_TRACKING_NOT_ENABLED</rejectionReasons>
          </conversionOptimizerEligibility>
          <adServingOptimizationStatus>ROTATE</adServingOptimizationStatus>
          <frequencyCap>
            <impressions>5</impressions>
            <timeUnit>DAY</timeUnit>
            <level>ADGROUP</level>
          </frequencyCap>
          <settings xmlns:xsi="http://www.w3.org/2001/XMLSchema-instance" xsi:type="GeoTargetTypeSetting">
            <Setting.Type>GeoTargetTypeSetting</Setting.Type>
            <positiveGeoTargetType>DONT_CARE</positiveGeoTargetType>
            <negativeGeoTargetType>DONT_CARE</negativeGeoTargetType>
          </settings>
          <advertisingChannelType>SEARCH</advertisingChannelType>
          <networkSetting>
            <targetGoogleSearch>true</targetGoogleSearch>
            <targetSearchNetwork>true</targetSearchNetwork>
            <targetContentNetwork>true</targetContentNetwork>
            <targetPartnerSearchNetwork>false</targetPartnerSearchNetwork>
          </networkSetting>
          <biddingStrategyConfiguration>
            <biddingStrategyType>MANUAL_CPC</biddingStrategyType>
            <biddingScheme xmlns:xsi="http://www.w3.org/2001/XMLSchema-instance" xsi:type="ManualCpcBiddingScheme">
              <BiddingScheme.Type>ManualCpcBiddingScheme</BiddingScheme.Type>
              <enhancedCpcEnabled>false</enhancedCpcEnabled>
            </biddingScheme>
          </biddingStrategyConfiguration>
        </value>
      </rval>
    </mutateResponse>
  </soap:Body>
</soap:Envelope>

[Jan 11 2016 12:28:43.000000 - INFO] POST /api/adwords/cm/v201509/CampaignService HTTP/1.1
Host: adwords.google.com
Connection: Keep-Alive
User-Agent: PHP-SOAP/5.5.9-1ubuntu4.14, gzip
Accept-Encoding: gzip, deflate
Content-Encoding: gzip
Content-Type: text/xml; charset=utf-8
SOAPAction: ""
Content-Length: 443
Authorization: Bearer ya29.ZgJ8GGawpS6ft-qZBNJm_EdhKy5aR4qm78fC52zmmR4Mrmjpi50XQHzNa9uVp6agd9xpHQ

<?xml version="1.0" encoding="UTF-8"?>
<SOAP-ENV:Envelope xmlns:SOAP-ENV="http://schemas.xmlsoap.org/soap/envelope/" xmlns:ns1="https://adwords.google.com/api/adwords/cm/v201509">
  <SOAP-ENV:Header>
    <ns1:RequestHeader>
      <ns1:clientCustomerId>7891516912</ns1:clientCustomerId>
      <ns1:developerToken>8JYRK4bRANhro5btFM_dOA</ns1:developerToken>
      <ns1:userAgent>eweb (AwApi-PHP/6.6.0, Common-PHP/6.6.0, PHP/5.5.9-1ubuntu4.14)</ns1:userAgent>
    </ns1:RequestHeader>
  </SOAP-ENV:Header>
  <SOAP-ENV:Body>
    <ns1:get>
      <ns1:serviceSelector>
        <ns1:fields>Id</ns1:fields>
        <ns1:fields>Name</ns1:fields>
        <ns1:ordering>
          <ns1:field>Name</ns1:field>
          <ns1:sortOrder>ASCENDING</ns1:sortOrder>
        </ns1:ordering>
        <ns1:paging>
          <ns1:startIndex>0</ns1:startIndex>
          <ns1:numberResults>500</ns1:numberResults>
        </ns1:paging>
      </ns1:serviceSelector>
    </ns1:get>
  </SOAP-ENV:Body>
</SOAP-ENV:Envelope>

HTTP/1.1 200 OK
Content-Type: text/xml; charset=UTF-8
Content-Encoding: gzip
Date: Mon, 11 Jan 2016 06:59:05 GMT
Expires: Mon, 11 Jan 2016 06:59:05 GMT
Cache-Control: private, max-age=0
X-Content-Type-Options: nosniff
X-Frame-Options: SAMEORIGIN
X-XSS-Protection: 1; mode=block
Content-Length: 374
Server: GSE

<?xml version="1.0"?>
<soap:Envelope xmlns:soap="http://schemas.xmlsoap.org/soap/envelope/">
  <soap:Header>
    <ResponseHeader xmlns="https://adwords.google.com/api/adwords/cm/v201509">
      <requestId>00052909790613180a4c0c6498036410</requestId>
      <serviceName>CampaignService</serviceName>
      <methodName>get</methodName>
      <operations>1</operations>
      <responseTime>156</responseTime>
    </ResponseHeader>
  </soap:Header>
  <soap:Body>
    <getResponse xmlns="https://adwords.google.com/api/adwords/cm/v201509">
      <rval>
        <totalNumEntries>3</totalNumEntries>
        <Page.Type>CampaignPage</Page.Type>
        <entries>
          <id>374872879</id>
          <name>Campaign #1</name>
        </entries>
        <entries>
          <id>377736319</id>
          <name>Interplanetary Cruise #5693525795a11</name>
        </entries>
        <entries>
          <id>377736439</id>
          <name>Interplanetary Cruise #5693525795b4d</name>
        </entries>
      </rval>
    </getResponse>
  </soap:Body>
</soap:Envelope>

